<?xml version="1.0" encoding="UTF-8"?>
<testsuite name="com.stopError.MyBoard.AccountTest" tests="1" skipped="0" failures="0" errors="0" timestamp="2023-01-12T06:59:22" hostname="DESKTOP-VRRPI1A" time="0.355">
  <properties/>
  <testcase name="멤버찾기()" classname="com.stopError.MyBoard.AccountTest" time="0.355"/>
  <system-out><![CDATA[15:59:21.081 [Test worker] DEBUG org.springframework.test.context.BootstrapUtils - Instantiating CacheAwareContextLoaderDelegate from class [org.springframework.test.context.cache.DefaultCacheAwareContextLoaderDelegate]
15:59:21.087 [Test worker] DEBUG org.springframework.test.context.BootstrapUtils - Instantiating BootstrapContext using constructor [public org.springframework.test.context.support.DefaultBootstrapContext(java.lang.Class,org.springframework.test.context.CacheAwareContextLoaderDelegate)]
15:59:21.106 [Test worker] DEBUG org.springframework.test.context.BootstrapUtils - Instantiating TestContextBootstrapper for test class [com.stopError.MyBoard.AccountTest] from class [org.springframework.boot.test.context.SpringBootTestContextBootstrapper]
15:59:21.112 [Test worker] INFO org.springframework.boot.test.context.SpringBootTestContextBootstrapper - Neither @ContextConfiguration nor @ContextHierarchy found for test class [com.stopError.MyBoard.AccountTest], using SpringBootContextLoader
15:59:21.115 [Test worker] DEBUG org.springframework.test.context.support.AbstractContextLoader - Did not detect default resource location for test class [com.stopError.MyBoard.AccountTest]: class path resource [com/stopError/MyBoard/AccountTest-context.xml] does not exist
15:59:21.115 [Test worker] DEBUG org.springframework.test.context.support.AbstractContextLoader - Did not detect default resource location for test class [com.stopError.MyBoard.AccountTest]: class path resource [com/stopError/MyBoard/AccountTestContext.groovy] does not exist
15:59:21.115 [Test worker] INFO org.springframework.test.context.support.AbstractContextLoader - Could not detect default resource locations for test class [com.stopError.MyBoard.AccountTest]: no resource found for suffixes {-context.xml, Context.groovy}.
15:59:21.115 [Test worker] INFO org.springframework.test.context.support.AnnotationConfigContextLoaderUtils - Could not detect default configuration classes for test class [com.stopError.MyBoard.AccountTest]: AccountTest does not declare any static, non-private, non-final, nested classes annotated with @Configuration.
15:59:21.137 [Test worker] DEBUG org.springframework.test.context.support.ActiveProfilesUtils - Could not find an 'annotation declaring class' for annotation type [org.springframework.test.context.ActiveProfiles] and class [com.stopError.MyBoard.AccountTest]
15:59:21.171 [Test worker] DEBUG org.springframework.context.annotation.ClassPathScanningCandidateComponentProvider - Identified candidate component class: file [C:\HyerimLee\java\workspace\MyBoard\build\classes\java\main\com\stopError\MyBoard\MyBoardApplication.class]
15:59:21.172 [Test worker] INFO org.springframework.boot.test.context.SpringBootTestContextBootstrapper - Found @SpringBootConfiguration com.stopError.MyBoard.MyBoardApplication for test class com.stopError.MyBoard.AccountTest
15:59:21.225 [Test worker] DEBUG org.springframework.boot.test.context.SpringBootTestContextBootstrapper - @TestExecutionListeners is not present for class [com.stopError.MyBoard.AccountTest]: using defaults.
15:59:21.226 [Test worker] INFO org.springframework.boot.test.context.SpringBootTestContextBootstrapper - Loaded default TestExecutionListener class names from location [META-INF/spring.factories]: [org.springframework.boot.test.autoconfigure.restdocs.RestDocsTestExecutionListener, org.springframework.boot.test.autoconfigure.web.client.MockRestServiceServerResetTestExecutionListener, org.springframework.boot.test.autoconfigure.web.servlet.MockMvcPrintOnlyOnFailureTestExecutionListener, org.springframework.boot.test.autoconfigure.web.servlet.WebDriverTestExecutionListener, org.springframework.boot.test.autoconfigure.webservices.client.MockWebServiceServerTestExecutionListener, org.springframework.boot.test.mock.mockito.MockitoTestExecutionListener, org.springframework.boot.test.mock.mockito.ResetMocksTestExecutionListener, org.springframework.test.context.web.ServletTestExecutionListener, org.springframework.test.context.support.DirtiesContextBeforeModesTestExecutionListener, org.springframework.test.context.event.ApplicationEventsTestExecutionListener, org.springframework.test.context.support.DependencyInjectionTestExecutionListener, org.springframework.test.context.support.DirtiesContextTestExecutionListener, org.springframework.test.context.transaction.TransactionalTestExecutionListener, org.springframework.test.context.jdbc.SqlScriptsTestExecutionListener, org.springframework.test.context.event.EventPublishingTestExecutionListener]
15:59:21.234 [Test worker] INFO org.springframework.boot.test.context.SpringBootTestContextBootstrapper - Using TestExecutionListeners: [org.springframework.test.context.web.ServletTestExecutionListener@76c7beb3, org.springframework.test.context.support.DirtiesContextBeforeModesTestExecutionListener@64337702, org.springframework.test.context.event.ApplicationEventsTestExecutionListener@2cf92cc7, org.springframework.boot.test.mock.mockito.MockitoTestExecutionListener@30ea8c23, org.springframework.boot.test.autoconfigure.SpringBootDependencyInjectionTestExecutionListener@7b139eab, org.springframework.test.context.support.DirtiesContextTestExecutionListener@4e76dac, org.springframework.test.context.transaction.TransactionalTestExecutionListener@611df6e3, org.springframework.test.context.jdbc.SqlScriptsTestExecutionListener@5f2f577, org.springframework.test.context.event.EventPublishingTestExecutionListener@6273c5a4, org.springframework.boot.test.autoconfigure.restdocs.RestDocsTestExecutionListener@5d465e4b, org.springframework.boot.test.autoconfigure.web.client.MockRestServiceServerResetTestExecutionListener@53e211ee, org.springframework.boot.test.autoconfigure.web.servlet.MockMvcPrintOnlyOnFailureTestExecutionListener@41a90fa8, org.springframework.boot.test.autoconfigure.web.servlet.WebDriverTestExecutionListener@3d8bbcdc, org.springframework.boot.test.autoconfigure.webservices.client.MockWebServiceServerTestExecutionListener@52500920, org.springframework.boot.test.mock.mockito.ResetMocksTestExecutionListener@117e0fe5]
15:59:21.236 [Test worker] DEBUG org.springframework.test.context.support.AbstractDirtiesContextTestExecutionListener - Before test class: context [DefaultTestContext@2d10e0b1 testClass = AccountTest, testInstance = [null], testMethod = [null], testException = [null], mergedContextConfiguration = [WebMergedContextConfiguration@1c98290c testClass = AccountTest, locations = '{}', classes = '{class com.stopError.MyBoard.MyBoardApplication}', contextInitializerClasses = '[]', activeProfiles = '{}', propertySourceLocations = '{}', propertySourceProperties = '{org.springframework.boot.test.context.SpringBootTestContextBootstrapper=true}', contextCustomizers = set[org.springframework.boot.test.autoconfigure.actuate.metrics.MetricsExportContextCustomizerFactory$DisableMetricExportContextCustomizer@294a6b8e, org.springframework.boot.test.autoconfigure.properties.PropertyMappingContextCustomizer@0, org.springframework.boot.test.autoconfigure.web.servlet.WebDriverContextCustomizerFactory$Customizer@1941a8ff, org.springframework.boot.test.context.filter.ExcludeFilterContextCustomizer@33fe57a9, org.springframework.boot.test.json.DuplicateJsonObjectContextCustomizerFactory$DuplicateJsonObjectContextCustomizer@512535ff, org.springframework.boot.test.mock.mockito.MockitoContextCustomizer@0, org.springframework.boot.test.web.client.TestRestTemplateContextCustomizer@487db668, org.springframework.boot.test.context.SpringBootTestArgs@1, org.springframework.boot.test.context.SpringBootTestWebEnvironment@73e22a3d], resourceBasePath = 'src/main/webapp', contextLoader = 'org.springframework.boot.test.context.SpringBootContextLoader', parent = [null]], attributes = map['org.springframework.test.context.web.ServletTestExecutionListener.activateListener' -> true]], class annotated with @DirtiesContext [false] with mode [null].

  .   ____          _            __ _ _
 /\\ / ___'_ __ _ _(_)_ __  __ _ \ \ \ \
( ( )\___ | '_ | '_| | '_ \/ _` | \ \ \ \
 \\/  ___)| |_)| | | | | || (_| |  ) ) ) )
  '  |____| .__|_| |_|_| |_\__, | / / / /
 =========|_|==============|___/=/_/_/_/
 :: Spring Boot ::                (v2.7.6)

2023-01-12 15:59:21.399  INFO 2548 --- [    Test worker] com.stopError.MyBoard.AccountTest        : Starting AccountTest using Java 17.0.5 on DESKTOP-VRRPI1A with PID 2548 (started by samitech in C:\HyerimLee\java\workspace\MyBoard)
2023-01-12 15:59:21.400  INFO 2548 --- [    Test worker] com.stopError.MyBoard.AccountTest        : No active profile set, falling back to 1 default profile: "default"
2023-01-12 15:59:22.275  INFO 2548 --- [    Test worker] o.s.b.a.w.s.WelcomePageHandlerMapping    : Adding welcome page: class path resource [static/index.html]
2023-01-12 15:59:22.468  INFO 2548 --- [    Test worker] com.stopError.MyBoard.AccountTest        : Started AccountTest in 1.209 seconds (JVM running for 1.824)
2023-01-12 15:59:22.489  INFO 2548 --- [    Test worker] com.zaxxer.hikari.HikariDataSource       : HikariPool-1 - Starting...
2023-01-12 15:59:22.523  INFO 2548 --- [    Test worker] com.zaxxer.hikari.HikariDataSource       : HikariPool-1 - Start completed.
2023-01-12 15:59:22.526  INFO 2548 --- [    Test worker] o.s.t.c.transaction.TransactionContext   : Began transaction (1) for test context [DefaultTestContext@2d10e0b1 testClass = AccountTest, testInstance = com.stopError.MyBoard.AccountTest@2e362407, testMethod = 멤버찾기@AccountTest, testException = [null], mergedContextConfiguration = [WebMergedContextConfiguration@1c98290c testClass = AccountTest, locations = '{}', classes = '{class com.stopError.MyBoard.MyBoardApplication}', contextInitializerClasses = '[]', activeProfiles = '{}', propertySourceLocations = '{}', propertySourceProperties = '{org.springframework.boot.test.context.SpringBootTestContextBootstrapper=true}', contextCustomizers = set[org.springframework.boot.test.autoconfigure.actuate.metrics.MetricsExportContextCustomizerFactory$DisableMetricExportContextCustomizer@294a6b8e, org.springframework.boot.test.autoconfigure.properties.PropertyMappingContextCustomizer@0, org.springframework.boot.test.autoconfigure.web.servlet.WebDriverContextCustomizerFactory$Customizer@1941a8ff, org.springframework.boot.test.context.filter.ExcludeFilterContextCustomizer@33fe57a9, org.springframework.boot.test.json.DuplicateJsonObjectContextCustomizerFactory$DuplicateJsonObjectContextCustomizer@512535ff, org.springframework.boot.test.mock.mockito.MockitoContextCustomizer@0, org.springframework.boot.test.web.client.TestRestTemplateContextCustomizer@487db668, org.springframework.boot.test.context.SpringBootTestArgs@1, org.springframework.boot.test.context.SpringBootTestWebEnvironment@73e22a3d], resourceBasePath = 'src/main/webapp', contextLoader = 'org.springframework.boot.test.context.SpringBootContextLoader', parent = [null]], attributes = map['org.springframework.test.context.web.ServletTestExecutionListener.activateListener' -> true, 'org.springframework.test.context.web.ServletTestExecutionListener.populatedRequestContextHolder' -> true, 'org.springframework.test.context.web.ServletTestExecutionListener.resetRequestContextHolder' -> true, 'org.springframework.test.context.event.ApplicationEventsTestExecutionListener.recordApplicationEvents' -> false]]; transaction manager [org.springframework.jdbc.support.JdbcTransactionManager@388be5fd]; rollback [true]
2023-01-12 15:59:22.833  INFO 2548 --- [    Test worker] o.s.t.c.transaction.TransactionContext   : Rolled back transaction for test: [DefaultTestContext@2d10e0b1 testClass = AccountTest, testInstance = com.stopError.MyBoard.AccountTest@2e362407, testMethod = 멤버찾기@AccountTest, testException = [null], mergedContextConfiguration = [WebMergedContextConfiguration@1c98290c testClass = AccountTest, locations = '{}', classes = '{class com.stopError.MyBoard.MyBoardApplication}', contextInitializerClasses = '[]', activeProfiles = '{}', propertySourceLocations = '{}', propertySourceProperties = '{org.springframework.boot.test.context.SpringBootTestContextBootstrapper=true}', contextCustomizers = set[org.springframework.boot.test.autoconfigure.actuate.metrics.MetricsExportContextCustomizerFactory$DisableMetricExportContextCustomizer@294a6b8e, org.springframework.boot.test.autoconfigure.properties.PropertyMappingContextCustomizer@0, org.springframework.boot.test.autoconfigure.web.servlet.WebDriverContextCustomizerFactory$Customizer@1941a8ff, org.springframework.boot.test.context.filter.ExcludeFilterContextCustomizer@33fe57a9, org.springframework.boot.test.json.DuplicateJsonObjectContextCustomizerFactory$DuplicateJsonObjectContextCustomizer@512535ff, org.springframework.boot.test.mock.mockito.MockitoContextCustomizer@0, org.springframework.boot.test.web.client.TestRestTemplateContextCustomizer@487db668, org.springframework.boot.test.context.SpringBootTestArgs@1, org.springframework.boot.test.context.SpringBootTestWebEnvironment@73e22a3d], resourceBasePath = 'src/main/webapp', contextLoader = 'org.springframework.boot.test.context.SpringBootContextLoader', parent = [null]], attributes = map['org.springframework.test.context.web.ServletTestExecutionListener.activateListener' -> true, 'org.springframework.test.context.web.ServletTestExecutionListener.populatedRequestContextHolder' -> true, 'org.springframework.test.context.web.ServletTestExecutionListener.resetRequestContextHolder' -> true, 'org.springframework.test.context.event.ApplicationEventsTestExecutionListener.recordApplicationEvents' -> false]]
]]></system-out>
  <system-err><![CDATA[]]></system-err>
</testsuite>
